<?xml version="1.0" encoding="UTF-8"?>
<testsuite name="be.helha.ebar.tests.Test_Parser" tests="4" skipped="0" failures="0" errors="0" timestamp="2024-04-02T07:21:53" hostname="LENOVO_LAPTOP" time="0.153">
  <properties/>
  <testcase name="testPostgres1()" classname="be.helha.ebar.tests.Test_Parser" time="0.136"/>
  <testcase name="testPostgres2()" classname="be.helha.ebar.tests.Test_Parser" time="0.002"/>
  <testcase name="testPostgres3()" classname="be.helha.ebar.tests.Test_Parser" time="0.004"/>
  <testcase name="testPostgres4()" classname="be.helha.ebar.tests.Test_Parser" time="0.004"/>
  <system-out><![CDATA[]]></system-out>
  <system-err><![CDATA[]]></system-err>
</testsuite>
