<?xml version="1.0" encoding="UTF-8"?>
<testsuite name="be.helha.ebar.tests.Test_BiereDaoImpl" tests="5" skipped="0" failures="0" errors="0" timestamp="2024-03-26T15:42:00" hostname="LENOVO_LAPTOP" time="7.721">
  <properties/>
  <testcase name="testAjouterDB()" classname="be.helha.ebar.tests.Test_BiereDaoImpl" time="2.633"/>
  <testcase name="testListerDB()" classname="be.helha.ebar.tests.Test_BiereDaoImpl" time="0.416"/>
  <testcase name="testRechercherBiereDB()" classname="be.helha.ebar.tests.Test_BiereDaoImpl" time="0.415"/>
  <testcase name="testModifierBiereDB()" classname="be.helha.ebar.tests.Test_BiereDaoImpl" time="1.249"/>
  <testcase name="testSupprimerBiereDB()" classname="be.helha.ebar.tests.Test_BiereDaoImpl" time="3.005"/>
  <system-out><![CDATA[]]></system-out>
  <system-err><![CDATA[]]></system-err>
</testsuite>
