<?xml version="1.0" encoding="UTF-8"?>
<testsuite name="be.helha.ebar.tests.Test_Integration" tests="6" skipped="0" failures="0" errors="0" timestamp="2024-02-28T13:27:36" hostname="LENOVO_LAPTOP" time="0.019">
  <properties/>
  <testcase name="testAjouter()" classname="be.helha.ebar.tests.Test_Integration" time="0.01"/>
  <testcase name="testLister()" classname="be.helha.ebar.tests.Test_Integration" time="0.002"/>
  <testcase name="testRechercher()" classname="be.helha.ebar.tests.Test_Integration" time="0.001"/>
  <testcase name="testModifier()" classname="be.helha.ebar.tests.Test_Integration" time="0.0"/>
  <testcase name="testSupprimer()" classname="be.helha.ebar.tests.Test_Integration" time="0.001"/>
  <testcase name="testListeTriee()" classname="be.helha.ebar.tests.Test_Integration" time="0.0"/>
  <system-out><![CDATA[]]></system-out>
  <system-err><![CDATA[]]></system-err>
</testsuite>
